<?xml version="1.0" encoding="UTF-8"?>
<testsuite name="Validate the functional of Notification Button on Home Page" tests="8" skipped="0" failures="2" errors="0" timestamp="2020-06-25T06:59:01" hostname="dnid0666l01.local" time="13.915">
  <properties/>
  <testcase name="User is on Login Page" classname="Validate the functional of Notification Button on Home Page" time="3.762"/>
  <testcase name="User input phone number &quot;81266829795&quot; on phone number field" classname="Validate the functional of Notification Button on Home Page" time="0.74"/>
  <testcase name="User input password &quot;Pass@123&quot; on password field" classname="Validate the functional of Notification Button on Home Page" time="1.399"/>
  <testcase name="User click Sign In button on Login Page" classname="Validate the functional of Notification Button on Home Page" time="0.699"/>
  <testcase name="User is on Home Page" classname="Validate the functional of Notification Button on Home Page" time="0.002"/>
  <testcase name="User tap Notification Button on Home Page" classname="Validate the functional of Notification Button on Home Page" time="2.646"/>
  <testcase name="User see message &quot;Coming soon!&quot;" classname="Validate the functional of Notification Button on Home Page" time="3.853">
    <failure message="org.junit.ComparisonFailure: expected:&lt;[Coming soon!]&gt; but was:&lt;[Login success]&gt;" type="org.junit.ComparisonFailure">org.junit.ComparisonFailure: expected:&lt;[Coming soon!]&gt; but was:&lt;[Login success]&gt;
	at org.junit.Assert.assertEquals(Assert.java:117)
	at org.junit.Assert.assertEquals(Assert.java:146)
	at project.stepsdefinition.HomeStepDefinition.userSeeMessage(HomeStepDefinition.java:43)
	at ✽.User see message &quot;Coming soon!&quot;(file:///Users/chenr/IdeaProjects/DANA-Business-Project/src/test/resources/features/Home.feature:60)
</failure>
  </testcase>
  <testcase name="classMethod" classname="Validate the functional of Notification Button on Home Page" time="26.555">
    <failure message="org.junit.ComparisonFailure: expected:&lt;[Coming soon!]&gt; but was:&lt;[Login success]&gt;" type="org.junit.ComparisonFailure">org.junit.ComparisonFailure: expected:&lt;[Coming soon!]&gt; but was:&lt;[Login success]&gt;
	at org.junit.Assert.assertEquals(Assert.java:117)
	at org.junit.Assert.assertEquals(Assert.java:146)
	at project.stepsdefinition.HomeStepDefinition.userSeeMessage(HomeStepDefinition.java:43)
	at ✽.User see message &quot;Coming soon!&quot;(file:///Users/chenr/IdeaProjects/DANA-Business-Project/src/test/resources/features/Home.feature:60)
</failure>
  </testcase>
  <system-out><![CDATA[
@Home @ValidateNotificationButton
Scenario: Validate the functional of Notification Button on Home Page ?[90m# src/test/resources/features/Home.feature:57?[0m
]]></system-out>
  <system-err><![CDATA[Jun 25, 2020 1:59:01 PM io.appium.java_client.remote.AppiumCommandExecutor$1 lambda$0
INFO: Detected dialect: W3C
]]></system-err>
</testsuite>
