<?xml version="1.0" encoding="UTF-8"?>
<testsuite name="User input password and click hide/show password button" tests="5" skipped="0" failures="2" errors="0" timestamp="2020-06-22T15:29:52" hostname="dnid0666l01.local" time="16.25">
  <properties/>
  <testcase name="User is on Login Page" classname="User input password and click hide/show password button" time="1.013"/>
  <testcase name="User input password &quot;P@ssw0rd&quot; on password field" classname="User input password and click hide/show password button" time="13.245"/>
  <testcase name="User click show password button" classname="User input password and click hide/show password button" time="0.717"/>
  <testcase name="User see &quot;P@ssw0rd&quot; on password field" classname="User input password and click hide/show password button" time="0.568">
    <failure message="org.junit.ComparisonFailure: expected:&lt;P@ssw0rd[]&gt; but was:&lt;P@ssw0rd[, Password]&gt;" type="org.junit.ComparisonFailure">org.junit.ComparisonFailure: expected:&lt;P@ssw0rd[]&gt; but was:&lt;P@ssw0rd[, Password]&gt;
	at org.junit.Assert.assertEquals(Assert.java:117)
	at org.junit.Assert.assertEquals(Assert.java:146)
	at project.stepsdefinition.LoginStepDefinition.userSeeOnPasswordField(LoginStepDefinition.java:80)
	at ✽.User see &quot;P@ssw0rd&quot; on password field(file:///Users/chenr/IdeaProjects/DANA-Business-Project/src/test/resources/features/Login.feature:234)
</failure>
  </testcase>
  <testcase name="classMethod" classname="User input password and click hide/show password button" time="24.955">
    <failure message="org.junit.ComparisonFailure: expected:&lt;P@ssw0rd[]&gt; but was:&lt;P@ssw0rd[, Password]&gt;" type="org.junit.ComparisonFailure">org.junit.ComparisonFailure: expected:&lt;P@ssw0rd[]&gt; but was:&lt;P@ssw0rd[, Password]&gt;
	at org.junit.Assert.assertEquals(Assert.java:117)
	at org.junit.Assert.assertEquals(Assert.java:146)
	at project.stepsdefinition.LoginStepDefinition.userSeeOnPasswordField(LoginStepDefinition.java:80)
	at ✽.User see &quot;P@ssw0rd&quot; on password field(file:///Users/chenr/IdeaProjects/DANA-Business-Project/src/test/resources/features/Login.feature:234)
</failure>
  </testcase>
  <system-out><![CDATA[
@Login @Show
Scenario: User input password and click hide/show password button ?[90m# src/test/resources/features/Login.feature:230?[0m
]]></system-out>
  <system-err><![CDATA[Jun 22, 2020 10:29:52 PM io.appium.java_client.remote.AppiumCommandExecutor$1 lambda$0
INFO: Detected dialect: W3C
]]></system-err>
</testsuite>
