<!DOCTYPE html>
<html>
<head>
<meta http-equiv="Content-Type" content="text/html; charset=utf-8"/>
<meta http-equiv="x-ua-compatible" content="IE=edge"/>
<title>Test results - Class User input invalid format password</title>
<link href="../css/base-style.css" rel="stylesheet" type="text/css"/>
<link href="../css/style.css" rel="stylesheet" type="text/css"/>
<script src="../js/report.js" type="text/javascript"></script>
</head>
<body>
<div id="content">
<h1>Class User input invalid format password</h1>
<div class="breadcrumbs">
<a href="../index.html">all</a> &gt; 
<a href="../packages/default-package.html">default-package</a> &gt; User input invalid format password</div>
<div id="summary">
<table>
<tr>
<td>
<div class="summaryGroup">
<table>
<tr>
<td>
<div class="infoBox" id="tests">
<div class="counter">72</div>
<p>tests</p>
</div>
</td>
<td>
<div class="infoBox" id="failures">
<div class="counter">6</div>
<p>failures</p>
</div>
</td>
<td>
<div class="infoBox" id="ignored">
<div class="counter">0</div>
<p>ignored</p>
</div>
</td>
<td>
<div class="infoBox" id="duration">
<div class="counter">14m28.96s</div>
<p>duration</p>
</div>
</td>
</tr>
</table>
</div>
</td>
<td>
<div class="infoBox failures" id="successRate">
<div class="percent">91%</div>
<p>successful</p>
</div>
</td>
</tr>
</table>
</div>
<div id="tabs">
<ul class="tabLinks">
<li>
<a href="#tab0">Failed tests</a>
</li>
<li>
<a href="#tab1">Tests</a>
</li>
<li>
<a href="#tab2">Standard output</a>
</li>
<li>
<a href="#tab3">Standard error</a>
</li>
</ul>
<div id="tab0" class="tab">
<h2>Failed tests</h2>
<div class="test">
<a name="User see error message &quot;Password should be 8 digits and contains : a–z, A–Z, 1–9, Symbol!&quot; on password field"></a>
<h3 class="failures">User see error message &quot;Password should be 8 digits and contains : a–z, A–Z, 1–9, Symbol!&quot; on password field</h3>
<span class="code">
<pre>org.openqa.selenium.NoSuchElementException: An element could not be located on the page using the given search parameters.
For documentation on this error, please visit: https://www.seleniumhq.org/exceptions/no_such_element.html
Build info: version: '3.141.59', revision: 'e82be7d358', time: '2018-11-14T08:17:03'
System info: host: 'dnid0666l01.local', ip: 'fe80:0:0:0:104e:4346:c63d:a4b7%en0', os.name: 'Mac OS X', os.arch: 'x86_64', os.version: '10.15.4', java.version: '1.8.0_251'
Driver info: io.appium.java_client.android.AndroidDriver
Capabilities {app: /Users/chenr/IdeaProjects/D..., appPackage: com.alfikri.rizky.danabusin..., autoGrantPermissions: true, automationName: UiAutomator2, databaseEnabled: false, desired: {app: /Users/chenr/IdeaProjects/D..., autoGrantPermissions: true, automationName: UiAutomator2, deviceName: device, platformName: android, platformVersion: 6.0, udid: emulator-5554}, deviceApiLevel: 23, deviceManufacturer: unknown, deviceModel: Android SDK built for x86, deviceName: emulator-5554, deviceScreenDensity: 420, deviceScreenSize: 1080x1920, deviceUDID: emulator-5554, javascriptEnabled: true, locationContextEnabled: false, networkConnectionEnabled: true, pixelRatio: 2.625, platform: LINUX, platformName: Android, platformVersion: 6.0, statBarHeight: 63, takesScreenshot: true, udid: emulator-5554, viewportRect: {height: 1731, left: 0, top: 63, width: 1080}, warnings: {}, webStorageEnabled: false}
Session ID: 741a031c-902a-4e3c-9754-1885f94326e7
*** Element info: {Using=xpath, value=//android.widget.TextView[contains(@text, 'Password should be 8 digits and contains : a–z, A–Z, 1–9, Symbol!')]}
	at sun.reflect.NativeConstructorAccessorImpl.newInstance0(Native Method)
	at sun.reflect.NativeConstructorAccessorImpl.newInstance(NativeConstructorAccessorImpl.java:62)
	at sun.reflect.DelegatingConstructorAccessorImpl.newInstance(DelegatingConstructorAccessorImpl.java:45)
	at java.lang.reflect.Constructor.newInstance(Constructor.java:423)
	at org.openqa.selenium.remote.http.W3CHttpResponseCodec.createException(W3CHttpResponseCodec.java:187)
	at org.openqa.selenium.remote.http.W3CHttpResponseCodec.decode(W3CHttpResponseCodec.java:122)
	at org.openqa.selenium.remote.http.W3CHttpResponseCodec.decode(W3CHttpResponseCodec.java:49)
	at org.openqa.selenium.remote.HttpCommandExecutor.execute(HttpCommandExecutor.java:158)
	at io.appium.java_client.remote.AppiumCommandExecutor.execute(AppiumCommandExecutor.java:239)
	at org.openqa.selenium.remote.RemoteWebDriver.execute(RemoteWebDriver.java:552)
	at io.appium.java_client.DefaultGenericMobileDriver.execute(DefaultGenericMobileDriver.java:41)
	at io.appium.java_client.AppiumDriver.execute(AppiumDriver.java:1)
	at io.appium.java_client.android.AndroidDriver.execute(AndroidDriver.java:1)
	at org.openqa.selenium.remote.RemoteWebDriver.findElement(RemoteWebDriver.java:323)
	at io.appium.java_client.DefaultGenericMobileDriver.findElement(DefaultGenericMobileDriver.java:61)
	at io.appium.java_client.AppiumDriver.findElement(AppiumDriver.java:1)
	at io.appium.java_client.android.AndroidDriver.findElement(AndroidDriver.java:1)
	at org.openqa.selenium.remote.RemoteWebDriver.findElementByXPath(RemoteWebDriver.java:428)
	at io.appium.java_client.DefaultGenericMobileDriver.findElementByXPath(DefaultGenericMobileDriver.java:151)
	at io.appium.java_client.AppiumDriver.findElementByXPath(AppiumDriver.java:1)
	at io.appium.java_client.android.AndroidDriver.findElementByXPath(AndroidDriver.java:1)
	at org.openqa.selenium.By$ByXPath.findElement(By.java:353)
	at org.openqa.selenium.remote.RemoteWebDriver.findElement(RemoteWebDriver.java:315)
	at io.appium.java_client.DefaultGenericMobileDriver.findElement(DefaultGenericMobileDriver.java:57)
	at io.appium.java_client.AppiumDriver.findElement(AppiumDriver.java:1)
	at io.appium.java_client.android.AndroidDriver.findElement(AndroidDriver.java:1)
	at project.pages.LoginPage.getWarningTextPassword(LoginPage.java:47)
	at project.stepsdefinition.LoginStepDefinition.userSeeErrorMessageOnPhoneNumberField(LoginStepDefinition.java:106)
	at ✽.User see error message &quot;Password should be 8 digits and contains : a–z, A–Z, 1–9, Symbol!&quot; on password field(file:///Users/chenr/IdeaProjects/DANA-Business-Project/src/test/resources/features/Login.feature:205)
</pre>
</span>
</div>
<div class="test">
<a name="User see error message &quot;Password should be 8 digits and contains : a–z, A–Z, 1–9, Symbol!&quot; on password field"></a>
<h3 class="failures">User see error message &quot;Password should be 8 digits and contains : a–z, A–Z, 1–9, Symbol!&quot; on password field</h3>
<span class="code">
<pre>org.openqa.selenium.NoSuchElementException: An element could not be located on the page using the given search parameters.
For documentation on this error, please visit: https://www.seleniumhq.org/exceptions/no_such_element.html
Build info: version: '3.141.59', revision: 'e82be7d358', time: '2018-11-14T08:17:03'
System info: host: 'dnid0666l01.local', ip: 'fe80:0:0:0:104e:4346:c63d:a4b7%en0', os.name: 'Mac OS X', os.arch: 'x86_64', os.version: '10.15.4', java.version: '1.8.0_251'
Driver info: io.appium.java_client.android.AndroidDriver
Capabilities {app: /Users/chenr/IdeaProjects/D..., appPackage: com.alfikri.rizky.danabusin..., autoGrantPermissions: true, automationName: UiAutomator2, databaseEnabled: false, desired: {app: /Users/chenr/IdeaProjects/D..., autoGrantPermissions: true, automationName: UiAutomator2, deviceName: device, platformName: android, platformVersion: 6.0, udid: emulator-5554}, deviceApiLevel: 23, deviceManufacturer: unknown, deviceModel: Android SDK built for x86, deviceName: emulator-5554, deviceScreenDensity: 420, deviceScreenSize: 1080x1920, deviceUDID: emulator-5554, javascriptEnabled: true, locationContextEnabled: false, networkConnectionEnabled: true, pixelRatio: 2.625, platform: LINUX, platformName: Android, platformVersion: 6.0, statBarHeight: 63, takesScreenshot: true, udid: emulator-5554, viewportRect: {height: 1731, left: 0, top: 63, width: 1080}, warnings: {}, webStorageEnabled: false}
Session ID: 6b3c15a4-fdfd-4517-bcd7-4791dd386c56
*** Element info: {Using=xpath, value=//android.widget.TextView[contains(@text, 'Password should be 8 digits and contains : a–z, A–Z, 1–9, Symbol!')]}
	at sun.reflect.NativeConstructorAccessorImpl.newInstance0(Native Method)
	at sun.reflect.NativeConstructorAccessorImpl.newInstance(NativeConstructorAccessorImpl.java:62)
	at sun.reflect.DelegatingConstructorAccessorImpl.newInstance(DelegatingConstructorAccessorImpl.java:45)
	at java.lang.reflect.Constructor.newInstance(Constructor.java:423)
	at org.openqa.selenium.remote.http.W3CHttpResponseCodec.createException(W3CHttpResponseCodec.java:187)
	at org.openqa.selenium.remote.http.W3CHttpResponseCodec.decode(W3CHttpResponseCodec.java:122)
	at org.openqa.selenium.remote.http.W3CHttpResponseCodec.decode(W3CHttpResponseCodec.java:49)
	at org.openqa.selenium.remote.HttpCommandExecutor.execute(HttpCommandExecutor.java:158)
	at io.appium.java_client.remote.AppiumCommandExecutor.execute(AppiumCommandExecutor.java:239)
	at org.openqa.selenium.remote.RemoteWebDriver.execute(RemoteWebDriver.java:552)
	at io.appium.java_client.DefaultGenericMobileDriver.execute(DefaultGenericMobileDriver.java:41)
	at io.appium.java_client.AppiumDriver.execute(AppiumDriver.java:1)
	at io.appium.java_client.android.AndroidDriver.execute(AndroidDriver.java:1)
	at org.openqa.selenium.remote.RemoteWebDriver.findElement(RemoteWebDriver.java:323)
	at io.appium.java_client.DefaultGenericMobileDriver.findElement(DefaultGenericMobileDriver.java:61)
	at io.appium.java_client.AppiumDriver.findElement(AppiumDriver.java:1)
	at io.appium.java_client.android.AndroidDriver.findElement(AndroidDriver.java:1)
	at org.openqa.selenium.remote.RemoteWebDriver.findElementByXPath(RemoteWebDriver.java:428)
	at io.appium.java_client.DefaultGenericMobileDriver.findElementByXPath(DefaultGenericMobileDriver.java:151)
	at io.appium.java_client.AppiumDriver.findElementByXPath(AppiumDriver.java:1)
	at io.appium.java_client.android.AndroidDriver.findElementByXPath(AndroidDriver.java:1)
	at org.openqa.selenium.By$ByXPath.findElement(By.java:353)
	at org.openqa.selenium.remote.RemoteWebDriver.findElement(RemoteWebDriver.java:315)
	at io.appium.java_client.DefaultGenericMobileDriver.findElement(DefaultGenericMobileDriver.java:57)
	at io.appium.java_client.AppiumDriver.findElement(AppiumDriver.java:1)
	at io.appium.java_client.android.AndroidDriver.findElement(AndroidDriver.java:1)
	at project.pages.LoginPage.getWarningTextPassword(LoginPage.java:47)
	at project.stepsdefinition.LoginStepDefinition.userSeeErrorMessageOnPhoneNumberField(LoginStepDefinition.java:106)
	at ✽.User see error message &quot;Password should be 8 digits and contains : a–z, A–Z, 1–9, Symbol!&quot; on password field(file:///Users/chenr/IdeaProjects/DANA-Business-Project/src/test/resources/features/Login.feature:205)
</pre>
</span>
</div>
<div class="test">
<a name="User see error message &quot;Password should be 8 digits and contains : a–z, A–Z, 1–9, Symbol!&quot; on password field"></a>
<h3 class="failures">User see error message &quot;Password should be 8 digits and contains : a–z, A–Z, 1–9, Symbol!&quot; on password field</h3>
<span class="code">
<pre>org.openqa.selenium.NoSuchElementException: An element could not be located on the page using the given search parameters.
For documentation on this error, please visit: https://www.seleniumhq.org/exceptions/no_such_element.html
Build info: version: '3.141.59', revision: 'e82be7d358', time: '2018-11-14T08:17:03'
System info: host: 'dnid0666l01.local', ip: 'fe80:0:0:0:104e:4346:c63d:a4b7%en0', os.name: 'Mac OS X', os.arch: 'x86_64', os.version: '10.15.4', java.version: '1.8.0_251'
Driver info: io.appium.java_client.android.AndroidDriver
Capabilities {app: /Users/chenr/IdeaProjects/D..., appPackage: com.alfikri.rizky.danabusin..., autoGrantPermissions: true, automationName: UiAutomator2, databaseEnabled: false, desired: {app: /Users/chenr/IdeaProjects/D..., autoGrantPermissions: true, automationName: UiAutomator2, deviceName: device, platformName: android, platformVersion: 6.0, udid: emulator-5554}, deviceApiLevel: 23, deviceManufacturer: unknown, deviceModel: Android SDK built for x86, deviceName: emulator-5554, deviceScreenDensity: 420, deviceScreenSize: 1080x1920, deviceUDID: emulator-5554, javascriptEnabled: true, locationContextEnabled: false, networkConnectionEnabled: true, pixelRatio: 2.625, platform: LINUX, platformName: Android, platformVersion: 6.0, statBarHeight: 63, takesScreenshot: true, udid: emulator-5554, viewportRect: {height: 1731, left: 0, top: 63, width: 1080}, warnings: {}, webStorageEnabled: false}
Session ID: 3f6850e7-c8f8-4fbc-8de5-4037dc53a960
*** Element info: {Using=xpath, value=//android.widget.TextView[contains(@text, 'Password should be 8 digits and contains : a–z, A–Z, 1–9, Symbol!')]}
	at sun.reflect.NativeConstructorAccessorImpl.newInstance0(Native Method)
	at sun.reflect.NativeConstructorAccessorImpl.newInstance(NativeConstructorAccessorImpl.java:62)
	at sun.reflect.DelegatingConstructorAccessorImpl.newInstance(DelegatingConstructorAccessorImpl.java:45)
	at java.lang.reflect.Constructor.newInstance(Constructor.java:423)
	at org.openqa.selenium.remote.http.W3CHttpResponseCodec.createException(W3CHttpResponseCodec.java:187)
	at org.openqa.selenium.remote.http.W3CHttpResponseCodec.decode(W3CHttpResponseCodec.java:122)
	at org.openqa.selenium.remote.http.W3CHttpResponseCodec.decode(W3CHttpResponseCodec.java:49)
	at org.openqa.selenium.remote.HttpCommandExecutor.execute(HttpCommandExecutor.java:158)
	at io.appium.java_client.remote.AppiumCommandExecutor.execute(AppiumCommandExecutor.java:239)
	at org.openqa.selenium.remote.RemoteWebDriver.execute(RemoteWebDriver.java:552)
	at io.appium.java_client.DefaultGenericMobileDriver.execute(DefaultGenericMobileDriver.java:41)
	at io.appium.java_client.AppiumDriver.execute(AppiumDriver.java:1)
	at io.appium.java_client.android.AndroidDriver.execute(AndroidDriver.java:1)
	at org.openqa.selenium.remote.RemoteWebDriver.findElement(RemoteWebDriver.java:323)
	at io.appium.java_client.DefaultGenericMobileDriver.findElement(DefaultGenericMobileDriver.java:61)
	at io.appium.java_client.AppiumDriver.findElement(AppiumDriver.java:1)
	at io.appium.java_client.android.AndroidDriver.findElement(AndroidDriver.java:1)
	at org.openqa.selenium.remote.RemoteWebDriver.findElementByXPath(RemoteWebDriver.java:428)
	at io.appium.java_client.DefaultGenericMobileDriver.findElementByXPath(DefaultGenericMobileDriver.java:151)
	at io.appium.java_client.AppiumDriver.findElementByXPath(AppiumDriver.java:1)
	at io.appium.java_client.android.AndroidDriver.findElementByXPath(AndroidDriver.java:1)
	at org.openqa.selenium.By$ByXPath.findElement(By.java:353)
	at org.openqa.selenium.remote.RemoteWebDriver.findElement(RemoteWebDriver.java:315)
	at io.appium.java_client.DefaultGenericMobileDriver.findElement(DefaultGenericMobileDriver.java:57)
	at io.appium.java_client.AppiumDriver.findElement(AppiumDriver.java:1)
	at io.appium.java_client.android.AndroidDriver.findElement(AndroidDriver.java:1)
	at project.pages.LoginPage.getWarningTextPassword(LoginPage.java:47)
	at project.stepsdefinition.LoginStepDefinition.userSeeErrorMessageOnPhoneNumberField(LoginStepDefinition.java:106)
	at ✽.User see error message &quot;Password should be 8 digits and contains : a–z, A–Z, 1–9, Symbol!&quot; on password field(file:///Users/chenr/IdeaProjects/DANA-Business-Project/src/test/resources/features/Login.feature:205)
</pre>
</span>
</div>
<div class="test">
<a name="classMethod"></a>
<h3 class="failures">classMethod</h3>
<span class="code">
<pre>org.openqa.selenium.NoSuchElementException: An element could not be located on the page using the given search parameters.
For documentation on this error, please visit: https://www.seleniumhq.org/exceptions/no_such_element.html
Build info: version: '3.141.59', revision: 'e82be7d358', time: '2018-11-14T08:17:03'
System info: host: 'dnid0666l01.local', ip: 'fe80:0:0:0:104e:4346:c63d:a4b7%en0', os.name: 'Mac OS X', os.arch: 'x86_64', os.version: '10.15.4', java.version: '1.8.0_251'
Driver info: io.appium.java_client.android.AndroidDriver
Capabilities {app: /Users/chenr/IdeaProjects/D..., appPackage: com.alfikri.rizky.danabusin..., autoGrantPermissions: true, automationName: UiAutomator2, databaseEnabled: false, desired: {app: /Users/chenr/IdeaProjects/D..., autoGrantPermissions: true, automationName: UiAutomator2, deviceName: device, platformName: android, platformVersion: 6.0, udid: emulator-5554}, deviceApiLevel: 23, deviceManufacturer: unknown, deviceModel: Android SDK built for x86, deviceName: emulator-5554, deviceScreenDensity: 420, deviceScreenSize: 1080x1920, deviceUDID: emulator-5554, javascriptEnabled: true, locationContextEnabled: false, networkConnectionEnabled: true, pixelRatio: 2.625, platform: LINUX, platformName: Android, platformVersion: 6.0, statBarHeight: 63, takesScreenshot: true, udid: emulator-5554, viewportRect: {height: 1731, left: 0, top: 63, width: 1080}, warnings: {}, webStorageEnabled: false}
Session ID: 6b3c15a4-fdfd-4517-bcd7-4791dd386c56
*** Element info: {Using=xpath, value=//android.widget.TextView[contains(@text, 'Password should be 8 digits and contains : a–z, A–Z, 1–9, Symbol!')]}
	at sun.reflect.NativeConstructorAccessorImpl.newInstance0(Native Method)
	at sun.reflect.NativeConstructorAccessorImpl.newInstance(NativeConstructorAccessorImpl.java:62)
	at sun.reflect.DelegatingConstructorAccessorImpl.newInstance(DelegatingConstructorAccessorImpl.java:45)
	at java.lang.reflect.Constructor.newInstance(Constructor.java:423)
	at org.openqa.selenium.remote.http.W3CHttpResponseCodec.createException(W3CHttpResponseCodec.java:187)
	at org.openqa.selenium.remote.http.W3CHttpResponseCodec.decode(W3CHttpResponseCodec.java:122)
	at org.openqa.selenium.remote.http.W3CHttpResponseCodec.decode(W3CHttpResponseCodec.java:49)
	at org.openqa.selenium.remote.HttpCommandExecutor.execute(HttpCommandExecutor.java:158)
	at io.appium.java_client.remote.AppiumCommandExecutor.execute(AppiumCommandExecutor.java:239)
	at org.openqa.selenium.remote.RemoteWebDriver.execute(RemoteWebDriver.java:552)
	at io.appium.java_client.DefaultGenericMobileDriver.execute(DefaultGenericMobileDriver.java:41)
	at io.appium.java_client.AppiumDriver.execute(AppiumDriver.java:1)
	at io.appium.java_client.android.AndroidDriver.execute(AndroidDriver.java:1)
	at org.openqa.selenium.remote.RemoteWebDriver.findElement(RemoteWebDriver.java:323)
	at io.appium.java_client.DefaultGenericMobileDriver.findElement(DefaultGenericMobileDriver.java:61)
	at io.appium.java_client.AppiumDriver.findElement(AppiumDriver.java:1)
	at io.appium.java_client.android.AndroidDriver.findElement(AndroidDriver.java:1)
	at org.openqa.selenium.remote.RemoteWebDriver.findElementByXPath(RemoteWebDriver.java:428)
	at io.appium.java_client.DefaultGenericMobileDriver.findElementByXPath(DefaultGenericMobileDriver.java:151)
	at io.appium.java_client.AppiumDriver.findElementByXPath(AppiumDriver.java:1)
	at io.appium.java_client.android.AndroidDriver.findElementByXPath(AndroidDriver.java:1)
	at org.openqa.selenium.By$ByXPath.findElement(By.java:353)
	at org.openqa.selenium.remote.RemoteWebDriver.findElement(RemoteWebDriver.java:315)
	at io.appium.java_client.DefaultGenericMobileDriver.findElement(DefaultGenericMobileDriver.java:57)
	at io.appium.java_client.AppiumDriver.findElement(AppiumDriver.java:1)
	at io.appium.java_client.android.AndroidDriver.findElement(AndroidDriver.java:1)
	at project.pages.LoginPage.getWarningTextPassword(LoginPage.java:47)
	at project.stepsdefinition.LoginStepDefinition.userSeeErrorMessageOnPhoneNumberField(LoginStepDefinition.java:106)
	at ✽.User see error message &quot;Password should be 8 digits and contains : a–z, A–Z, 1–9, Symbol!&quot; on password field(file:///Users/chenr/IdeaProjects/DANA-Business-Project/src/test/resources/features/Login.feature:205)
</pre>
</span>
</div>
<div class="test">
<a name="classMethod"></a>
<h3 class="failures">classMethod</h3>
<span class="code">
<pre>org.openqa.selenium.NoSuchElementException: An element could not be located on the page using the given search parameters.
For documentation on this error, please visit: https://www.seleniumhq.org/exceptions/no_such_element.html
Build info: version: '3.141.59', revision: 'e82be7d358', time: '2018-11-14T08:17:03'
System info: host: 'dnid0666l01.local', ip: 'fe80:0:0:0:104e:4346:c63d:a4b7%en0', os.name: 'Mac OS X', os.arch: 'x86_64', os.version: '10.15.4', java.version: '1.8.0_251'
Driver info: io.appium.java_client.android.AndroidDriver
Capabilities {app: /Users/chenr/IdeaProjects/D..., appPackage: com.alfikri.rizky.danabusin..., autoGrantPermissions: true, automationName: UiAutomator2, databaseEnabled: false, desired: {app: /Users/chenr/IdeaProjects/D..., autoGrantPermissions: true, automationName: UiAutomator2, deviceName: device, platformName: android, platformVersion: 6.0, udid: emulator-5554}, deviceApiLevel: 23, deviceManufacturer: unknown, deviceModel: Android SDK built for x86, deviceName: emulator-5554, deviceScreenDensity: 420, deviceScreenSize: 1080x1920, deviceUDID: emulator-5554, javascriptEnabled: true, locationContextEnabled: false, networkConnectionEnabled: true, pixelRatio: 2.625, platform: LINUX, platformName: Android, platformVersion: 6.0, statBarHeight: 63, takesScreenshot: true, udid: emulator-5554, viewportRect: {height: 1731, left: 0, top: 63, width: 1080}, warnings: {}, webStorageEnabled: false}
Session ID: 741a031c-902a-4e3c-9754-1885f94326e7
*** Element info: {Using=xpath, value=//android.widget.TextView[contains(@text, 'Password should be 8 digits and contains : a–z, A–Z, 1–9, Symbol!')]}
	at sun.reflect.NativeConstructorAccessorImpl.newInstance0(Native Method)
	at sun.reflect.NativeConstructorAccessorImpl.newInstance(NativeConstructorAccessorImpl.java:62)
	at sun.reflect.DelegatingConstructorAccessorImpl.newInstance(DelegatingConstructorAccessorImpl.java:45)
	at java.lang.reflect.Constructor.newInstance(Constructor.java:423)
	at org.openqa.selenium.remote.http.W3CHttpResponseCodec.createException(W3CHttpResponseCodec.java:187)
	at org.openqa.selenium.remote.http.W3CHttpResponseCodec.decode(W3CHttpResponseCodec.java:122)
	at org.openqa.selenium.remote.http.W3CHttpResponseCodec.decode(W3CHttpResponseCodec.java:49)
	at org.openqa.selenium.remote.HttpCommandExecutor.execute(HttpCommandExecutor.java:158)
	at io.appium.java_client.remote.AppiumCommandExecutor.execute(AppiumCommandExecutor.java:239)
	at org.openqa.selenium.remote.RemoteWebDriver.execute(RemoteWebDriver.java:552)
	at io.appium.java_client.DefaultGenericMobileDriver.execute(DefaultGenericMobileDriver.java:41)
	at io.appium.java_client.AppiumDriver.execute(AppiumDriver.java:1)
	at io.appium.java_client.android.AndroidDriver.execute(AndroidDriver.java:1)
	at org.openqa.selenium.remote.RemoteWebDriver.findElement(RemoteWebDriver.java:323)
	at io.appium.java_client.DefaultGenericMobileDriver.findElement(DefaultGenericMobileDriver.java:61)
	at io.appium.java_client.AppiumDriver.findElement(AppiumDriver.java:1)
	at io.appium.java_client.android.AndroidDriver.findElement(AndroidDriver.java:1)
	at org.openqa.selenium.remote.RemoteWebDriver.findElementByXPath(RemoteWebDriver.java:428)
	at io.appium.java_client.DefaultGenericMobileDriver.findElementByXPath(DefaultGenericMobileDriver.java:151)
	at io.appium.java_client.AppiumDriver.findElementByXPath(AppiumDriver.java:1)
	at io.appium.java_client.android.AndroidDriver.findElementByXPath(AndroidDriver.java:1)
	at org.openqa.selenium.By$ByXPath.findElement(By.java:353)
	at org.openqa.selenium.remote.RemoteWebDriver.findElement(RemoteWebDriver.java:315)
	at io.appium.java_client.DefaultGenericMobileDriver.findElement(DefaultGenericMobileDriver.java:57)
	at io.appium.java_client.AppiumDriver.findElement(AppiumDriver.java:1)
	at io.appium.java_client.android.AndroidDriver.findElement(AndroidDriver.java:1)
	at project.pages.LoginPage.getWarningTextPassword(LoginPage.java:47)
	at project.stepsdefinition.LoginStepDefinition.userSeeErrorMessageOnPhoneNumberField(LoginStepDefinition.java:106)
	at ✽.User see error message &quot;Password should be 8 digits and contains : a–z, A–Z, 1–9, Symbol!&quot; on password field(file:///Users/chenr/IdeaProjects/DANA-Business-Project/src/test/resources/features/Login.feature:205)
</pre>
</span>
</div>
<div class="test">
<a name="classMethod"></a>
<h3 class="failures">classMethod</h3>
<span class="code">
<pre>org.openqa.selenium.NoSuchElementException: An element could not be located on the page using the given search parameters.
For documentation on this error, please visit: https://www.seleniumhq.org/exceptions/no_such_element.html
Build info: version: '3.141.59', revision: 'e82be7d358', time: '2018-11-14T08:17:03'
System info: host: 'dnid0666l01.local', ip: 'fe80:0:0:0:104e:4346:c63d:a4b7%en0', os.name: 'Mac OS X', os.arch: 'x86_64', os.version: '10.15.4', java.version: '1.8.0_251'
Driver info: io.appium.java_client.android.AndroidDriver
Capabilities {app: /Users/chenr/IdeaProjects/D..., appPackage: com.alfikri.rizky.danabusin..., autoGrantPermissions: true, automationName: UiAutomator2, databaseEnabled: false, desired: {app: /Users/chenr/IdeaProjects/D..., autoGrantPermissions: true, automationName: UiAutomator2, deviceName: device, platformName: android, platformVersion: 6.0, udid: emulator-5554}, deviceApiLevel: 23, deviceManufacturer: unknown, deviceModel: Android SDK built for x86, deviceName: emulator-5554, deviceScreenDensity: 420, deviceScreenSize: 1080x1920, deviceUDID: emulator-5554, javascriptEnabled: true, locationContextEnabled: false, networkConnectionEnabled: true, pixelRatio: 2.625, platform: LINUX, platformName: Android, platformVersion: 6.0, statBarHeight: 63, takesScreenshot: true, udid: emulator-5554, viewportRect: {height: 1731, left: 0, top: 63, width: 1080}, warnings: {}, webStorageEnabled: false}
Session ID: 3f6850e7-c8f8-4fbc-8de5-4037dc53a960
*** Element info: {Using=xpath, value=//android.widget.TextView[contains(@text, 'Password should be 8 digits and contains : a–z, A–Z, 1–9, Symbol!')]}
	at sun.reflect.NativeConstructorAccessorImpl.newInstance0(Native Method)
	at sun.reflect.NativeConstructorAccessorImpl.newInstance(NativeConstructorAccessorImpl.java:62)
	at sun.reflect.DelegatingConstructorAccessorImpl.newInstance(DelegatingConstructorAccessorImpl.java:45)
	at java.lang.reflect.Constructor.newInstance(Constructor.java:423)
	at org.openqa.selenium.remote.http.W3CHttpResponseCodec.createException(W3CHttpResponseCodec.java:187)
	at org.openqa.selenium.remote.http.W3CHttpResponseCodec.decode(W3CHttpResponseCodec.java:122)
	at org.openqa.selenium.remote.http.W3CHttpResponseCodec.decode(W3CHttpResponseCodec.java:49)
	at org.openqa.selenium.remote.HttpCommandExecutor.execute(HttpCommandExecutor.java:158)
	at io.appium.java_client.remote.AppiumCommandExecutor.execute(AppiumCommandExecutor.java:239)
	at org.openqa.selenium.remote.RemoteWebDriver.execute(RemoteWebDriver.java:552)
	at io.appium.java_client.DefaultGenericMobileDriver.execute(DefaultGenericMobileDriver.java:41)
	at io.appium.java_client.AppiumDriver.execute(AppiumDriver.java:1)
	at io.appium.java_client.android.AndroidDriver.execute(AndroidDriver.java:1)
	at org.openqa.selenium.remote.RemoteWebDriver.findElement(RemoteWebDriver.java:323)
	at io.appium.java_client.DefaultGenericMobileDriver.findElement(DefaultGenericMobileDriver.java:61)
	at io.appium.java_client.AppiumDriver.findElement(AppiumDriver.java:1)
	at io.appium.java_client.android.AndroidDriver.findElement(AndroidDriver.java:1)
	at org.openqa.selenium.remote.RemoteWebDriver.findElementByXPath(RemoteWebDriver.java:428)
	at io.appium.java_client.DefaultGenericMobileDriver.findElementByXPath(DefaultGenericMobileDriver.java:151)
	at io.appium.java_client.AppiumDriver.findElementByXPath(AppiumDriver.java:1)
	at io.appium.java_client.android.AndroidDriver.findElementByXPath(AndroidDriver.java:1)
	at org.openqa.selenium.By$ByXPath.findElement(By.java:353)
	at org.openqa.selenium.remote.RemoteWebDriver.findElement(RemoteWebDriver.java:315)
	at io.appium.java_client.DefaultGenericMobileDriver.findElement(DefaultGenericMobileDriver.java:57)
	at io.appium.java_client.AppiumDriver.findElement(AppiumDriver.java:1)
	at io.appium.java_client.android.AndroidDriver.findElement(AndroidDriver.java:1)
	at project.pages.LoginPage.getWarningTextPassword(LoginPage.java:47)
	at project.stepsdefinition.LoginStepDefinition.userSeeErrorMessageOnPhoneNumberField(LoginStepDefinition.java:106)
	at ✽.User see error message &quot;Password should be 8 digits and contains : a–z, A–Z, 1–9, Symbol!&quot; on password field(file:///Users/chenr/IdeaProjects/DANA-Business-Project/src/test/resources/features/Login.feature:205)
</pre>
</span>
</div>
</div>
<div id="tab1" class="tab">
<h2>Tests</h2>
<table>
<thead>
<tr>
<th>Test</th>
<th>Duration</th>
<th>Result</th>
</tr>
</thead>
<tr>
<td class="success">User input password &quot;!@#$%^&amp;*&quot; on password field</td>
<td class="success">13.004s</td>
<td class="success">passed</td>
</tr>
<tr>
<td class="success">User input password &quot;123$%^78&quot; on password field</td>
<td class="success">5.802s</td>
<td class="success">passed</td>
</tr>
<tr>
<td class="success">User input password &quot;12345678&quot; on password field</td>
<td class="success">13.000s</td>
<td class="success">passed</td>
</tr>
<tr>
<td class="success">User input password &quot;P@SSW0RD&quot; on password field</td>
<td class="success">8.842s</td>
<td class="success">passed</td>
</tr>
<tr>
<td class="success">User input password &quot;P@SSWORD&quot; on password field</td>
<td class="success">9.388s</td>
<td class="success">passed</td>
</tr>
<tr>
<td class="success">User input password &quot;P@ss w0rd&quot; on password field</td>
<td class="success">13.006s</td>
<td class="success">passed</td>
</tr>
<tr>
<td class="success">User input password &quot;P@ssw0r&quot; on password field</td>
<td class="success">13.000s</td>
<td class="success">passed</td>
</tr>
<tr>
<td class="success">User input password &quot;P@ssw0rd1234567890abc&quot; on password field</td>
<td class="success">10.473s</td>
<td class="success">passed</td>
</tr>
<tr>
<td class="success">User input password &quot;P@ssw0rd??&quot; on password field</td>
<td class="success">9.391s</td>
<td class="success">passed</td>
</tr>
<tr>
<td class="success">User input password &quot;P@ssword&quot; on password field</td>
<td class="success">12.505s</td>
<td class="success">passed</td>
</tr>
<tr>
<td class="success">User input password &quot;PASSW0RD&quot; on password field</td>
<td class="success">13.048s</td>
<td class="success">passed</td>
</tr>
<tr>
<td class="success">User input password &quot;PASSWORD&quot; on password field</td>
<td class="success">4.888s</td>
<td class="success">passed</td>
</tr>
<tr>
<td class="success">User input password &quot;Passw0rd&quot; on password field</td>
<td class="success">11.216s</td>
<td class="success">passed</td>
</tr>
<tr>
<td class="success">User input password &quot;Password&quot; on password field</td>
<td class="success">13.120s</td>
<td class="success">passed</td>
</tr>
<tr>
<td class="success">User input password &quot;p@ssw0rd&quot; on password field</td>
<td class="success">13.092s</td>
<td class="success">passed</td>
</tr>
<tr>
<td class="success">User input password &quot;p@ssword&quot; on password field</td>
<td class="success">6.841s</td>
<td class="success">passed</td>
</tr>
<tr>
<td class="success">User input password &quot;passw0rd&quot; on password field</td>
<td class="success">10.199s</td>
<td class="success">passed</td>
</tr>
<tr>
<td class="success">User input password &quot;password&quot; on password field</td>
<td class="success">13.010s</td>
<td class="success">passed</td>
</tr>
<tr>
<td class="success">User is on Login Page</td>
<td class="success">1.527s</td>
<td class="success">passed</td>
</tr>
<tr>
<td class="success">User is on Login Page</td>
<td class="success">1.035s</td>
<td class="success">passed</td>
</tr>
<tr>
<td class="success">User is on Login Page</td>
<td class="success">1.013s</td>
<td class="success">passed</td>
</tr>
<tr>
<td class="success">User is on Login Page</td>
<td class="success">0.962s</td>
<td class="success">passed</td>
</tr>
<tr>
<td class="success">User is on Login Page</td>
<td class="success">0.943s</td>
<td class="success">passed</td>
</tr>
<tr>
<td class="success">User is on Login Page</td>
<td class="success">0.953s</td>
<td class="success">passed</td>
</tr>
<tr>
<td class="success">User is on Login Page</td>
<td class="success">0.994s</td>
<td class="success">passed</td>
</tr>
<tr>
<td class="success">User is on Login Page</td>
<td class="success">0.990s</td>
<td class="success">passed</td>
</tr>
<tr>
<td class="success">User is on Login Page</td>
<td class="success">0.984s</td>
<td class="success">passed</td>
</tr>
<tr>
<td class="success">User is on Login Page</td>
<td class="success">0.946s</td>
<td class="success">passed</td>
</tr>
<tr>
<td class="success">User is on Login Page</td>
<td class="success">0.771s</td>
<td class="success">passed</td>
</tr>
<tr>
<td class="success">User is on Login Page</td>
<td class="success">0.931s</td>
<td class="success">passed</td>
</tr>
<tr>
<td class="success">User is on Login Page</td>
<td class="success">0.983s</td>
<td class="success">passed</td>
</tr>
<tr>
<td class="success">User is on Login Page</td>
<td class="success">0.263s</td>
<td class="success">passed</td>
</tr>
<tr>
<td class="success">User is on Login Page</td>
<td class="success">0.937s</td>
<td class="success">passed</td>
</tr>
<tr>
<td class="success">User is on Login Page</td>
<td class="success">0.863s</td>
<td class="success">passed</td>
</tr>
<tr>
<td class="success">User is on Login Page</td>
<td class="success">1.021s</td>
<td class="success">passed</td>
</tr>
<tr>
<td class="success">User is on Login Page</td>
<td class="success">0.999s</td>
<td class="success">passed</td>
</tr>
<tr>
<td class="success">User see error message &quot;Password should be 8 digits and contains : a–z, A–Z, 1–9, Symbol!&quot; on password field</td>
<td class="success">0.750s</td>
<td class="success">passed</td>
</tr>
<tr>
<td class="success">User see error message &quot;Password should be 8 digits and contains : a–z, A–Z, 1–9, Symbol!&quot; on password field</td>
<td class="success">0.716s</td>
<td class="success">passed</td>
</tr>
<tr>
<td class="success">User see error message &quot;Password should be 8 digits and contains : a–z, A–Z, 1–9, Symbol!&quot; on password field</td>
<td class="success">0.756s</td>
<td class="success">passed</td>
</tr>
<tr>
<td class="success">User see error message &quot;Password should be 8 digits and contains : a–z, A–Z, 1–9, Symbol!&quot; on password field</td>
<td class="success">0.743s</td>
<td class="success">passed</td>
</tr>
<tr>
<td class="success">User see error message &quot;Password should be 8 digits and contains : a–z, A–Z, 1–9, Symbol!&quot; on password field</td>
<td class="success">0.708s</td>
<td class="success">passed</td>
</tr>
<tr>
<td class="success">User see error message &quot;Password should be 8 digits and contains : a–z, A–Z, 1–9, Symbol!&quot; on password field</td>
<td class="success">0.741s</td>
<td class="success">passed</td>
</tr>
<tr>
<td class="success">User see error message &quot;Password should be 8 digits and contains : a–z, A–Z, 1–9, Symbol!&quot; on password field</td>
<td class="success">0.754s</td>
<td class="success">passed</td>
</tr>
<tr>
<td class="success">User see error message &quot;Password should be 8 digits and contains : a–z, A–Z, 1–9, Symbol!&quot; on password field</td>
<td class="success">0.689s</td>
<td class="success">passed</td>
</tr>
<tr>
<td class="failures">User see error message &quot;Password should be 8 digits and contains : a–z, A–Z, 1–9, Symbol!&quot; on password field</td>
<td class="failures">21.225s</td>
<td class="failures">failed</td>
</tr>
<tr>
<td class="success">User see error message &quot;Password should be 8 digits and contains : a–z, A–Z, 1–9, Symbol!&quot; on password field</td>
<td class="success">0.751s</td>
<td class="success">passed</td>
</tr>
<tr>
<td class="success">User see error message &quot;Password should be 8 digits and contains : a–z, A–Z, 1–9, Symbol!&quot; on password field</td>
<td class="success">0.768s</td>
<td class="success">passed</td>
</tr>
<tr>
<td class="success">User see error message &quot;Password should be 8 digits and contains : a–z, A–Z, 1–9, Symbol!&quot; on password field</td>
<td class="success">0.743s</td>
<td class="success">passed</td>
</tr>
<tr>
<td class="success">User see error message &quot;Password should be 8 digits and contains : a–z, A–Z, 1–9, Symbol!&quot; on password field</td>
<td class="success">0.686s</td>
<td class="success">passed</td>
</tr>
<tr>
<td class="success">User see error message &quot;Password should be 8 digits and contains : a–z, A–Z, 1–9, Symbol!&quot; on password field</td>
<td class="success">0.716s</td>
<td class="success">passed</td>
</tr>
<tr>
<td class="failures">User see error message &quot;Password should be 8 digits and contains : a–z, A–Z, 1–9, Symbol!&quot; on password field</td>
<td class="failures">24.177s</td>
<td class="failures">failed</td>
</tr>
<tr>
<td class="success">User see error message &quot;Password should be 8 digits and contains : a–z, A–Z, 1–9, Symbol!&quot; on password field</td>
<td class="success">0.749s</td>
<td class="success">passed</td>
</tr>
<tr>
<td class="success">User see error message &quot;Password should be 8 digits and contains : a–z, A–Z, 1–9, Symbol!&quot; on password field</td>
<td class="success">0.737s</td>
<td class="success">passed</td>
</tr>
<tr>
<td class="failures">User see error message &quot;Password should be 8 digits and contains : a–z, A–Z, 1–9, Symbol!&quot; on password field</td>
<td class="failures">21.246s</td>
<td class="failures">failed</td>
</tr>
<tr>
<td class="success">classMethod</td>
<td class="success">29.157s</td>
<td class="success">passed</td>
</tr>
<tr>
<td class="success">classMethod</td>
<td class="success">27.796s</td>
<td class="success">passed</td>
</tr>
<tr>
<td class="failures">classMethod</td>
<td class="failures">51.257s</td>
<td class="failures">failed</td>
</tr>
<tr>
<td class="success">classMethod</td>
<td class="success">17.054s</td>
<td class="success">passed</td>
</tr>
<tr>
<td class="failures">classMethod</td>
<td class="failures">49.721s</td>
<td class="failures">failed</td>
</tr>
<tr>
<td class="success">classMethod</td>
<td class="success">23.182s</td>
<td class="success">passed</td>
</tr>
<tr>
<td class="success">classMethod</td>
<td class="success">31.890s</td>
<td class="success">passed</td>
</tr>
<tr>
<td class="success">classMethod</td>
<td class="success">32.088s</td>
<td class="success">passed</td>
</tr>
<tr>
<td class="success">classMethod</td>
<td class="success">31.322s</td>
<td class="success">passed</td>
</tr>
<tr>
<td class="success">classMethod</td>
<td class="success">32.330s</td>
<td class="success">passed</td>
</tr>
<tr>
<td class="success">classMethod</td>
<td class="success">32.055s</td>
<td class="success">passed</td>
</tr>
<tr>
<td class="success">classMethod</td>
<td class="success">30.052s</td>
<td class="success">passed</td>
</tr>
<tr>
<td class="failures">classMethod</td>
<td class="failures">1m2.73s</td>
<td class="failures">failed</td>
</tr>
<tr>
<td class="success">classMethod</td>
<td class="success">25.802s</td>
<td class="success">passed</td>
</tr>
<tr>
<td class="success">classMethod</td>
<td class="success">27.953s</td>
<td class="success">passed</td>
</tr>
<tr>
<td class="success">classMethod</td>
<td class="success">24.513s</td>
<td class="success">passed</td>
</tr>
<tr>
<td class="success">classMethod</td>
<td class="success">26.494s</td>
<td class="success">passed</td>
</tr>
<tr>
<td class="success">classMethod</td>
<td class="success">24.973s</td>
<td class="success">passed</td>
</tr>
</table>
</div>
<div id="tab2" class="tab">
<h2>Standard output</h2>
<span class="code">
<pre>
@Login @PasswordField
Scenario Outline: User input invalid format password                                                                ?[90m# src/test/resources/features/Login.feature:209?[0m

@Login @PasswordField
Scenario Outline: User input invalid format password                                                                ?[90m# src/test/resources/features/Login.feature:210?[0m

@Login @PasswordField
Scenario Outline: User input invalid format password                                                                ?[90m# src/test/resources/features/Login.feature:211?[0m

@Login @PasswordField
Scenario Outline: User input invalid format password                                                                ?[90m# src/test/resources/features/Login.feature:212?[0m

@Login @PasswordField
Scenario Outline: User input invalid format password                                                                ?[90m# src/test/resources/features/Login.feature:213?[0m

@Login @PasswordField
Scenario Outline: User input invalid format password                                                                ?[90m# src/test/resources/features/Login.feature:214?[0m

@Login @PasswordField
Scenario Outline: User input invalid format password                                                                ?[90m# src/test/resources/features/Login.feature:215?[0m

@Login @PasswordField
Scenario Outline: User input invalid format password                                                                ?[90m# src/test/resources/features/Login.feature:216?[0m

@Login @PasswordField
Scenario Outline: User input invalid format password                                                                ?[90m# src/test/resources/features/Login.feature:217?[0m

@Login @PasswordField
Scenario Outline: User input invalid format password                                                                ?[90m# src/test/resources/features/Login.feature:218?[0m

@Login @PasswordField
Scenario Outline: User input invalid format password                                                                ?[90m# src/test/resources/features/Login.feature:219?[0m

@Login @PasswordField
Scenario Outline: User input invalid format password                                                                ?[90m# src/test/resources/features/Login.feature:220?[0m

@Login @PasswordField
Scenario Outline: User input invalid format password                                                                ?[90m# src/test/resources/features/Login.feature:221?[0m

@Login @PasswordField
Scenario Outline: User input invalid format password                                                                ?[90m# src/test/resources/features/Login.feature:222?[0m

@Login @PasswordField
Scenario Outline: User input invalid format password                                                                ?[90m# src/test/resources/features/Login.feature:223?[0m

@Login @PasswordField
Scenario Outline: User input invalid format password                                                                ?[90m# src/test/resources/features/Login.feature:224?[0m

@Login @PasswordField
Scenario Outline: User input invalid format password                                                                ?[90m# src/test/resources/features/Login.feature:225?[0m

@Login @PasswordField
Scenario Outline: User input invalid format password                                                                ?[90m# src/test/resources/features/Login.feature:226?[0m
</pre>
</span>
</div>
<div id="tab3" class="tab">
<h2>Standard error</h2>
<span class="code">
<pre>Jun 22, 2020 10:20:19 PM io.appium.java_client.remote.AppiumCommandExecutor$1 lambda$0
INFO: Detected dialect: W3C
Jun 22, 2020 10:20:50 PM io.appium.java_client.remote.AppiumCommandExecutor$1 lambda$0
INFO: Detected dialect: W3C
Jun 22, 2020 10:21:35 PM io.appium.java_client.remote.AppiumCommandExecutor$1 lambda$0
INFO: Detected dialect: W3C
Jun 22, 2020 10:21:59 PM io.appium.java_client.remote.AppiumCommandExecutor$1 lambda$0
INFO: Detected dialect: W3C
Jun 22, 2020 10:22:31 PM io.appium.java_client.remote.AppiumCommandExecutor$1 lambda$0
INFO: Detected dialect: W3C
Jun 22, 2020 10:23:01 PM io.appium.java_client.remote.AppiumCommandExecutor$1 lambda$0
INFO: Detected dialect: W3C
Jun 22, 2020 10:23:33 PM io.appium.java_client.remote.AppiumCommandExecutor$1 lambda$0
INFO: Detected dialect: W3C
Jun 22, 2020 10:23:54 PM io.appium.java_client.remote.AppiumCommandExecutor$1 lambda$0
INFO: Detected dialect: W3C
Jun 22, 2020 10:24:20 PM io.appium.java_client.remote.AppiumCommandExecutor$1 lambda$0
INFO: Detected dialect: W3C
Jun 22, 2020 10:24:52 PM io.appium.java_client.remote.AppiumCommandExecutor$1 lambda$0
INFO: Detected dialect: W3C
Jun 22, 2020 10:25:20 PM io.appium.java_client.remote.AppiumCommandExecutor$1 lambda$0
INFO: Detected dialect: W3C
Jun 22, 2020 10:25:51 PM io.appium.java_client.remote.AppiumCommandExecutor$1 lambda$0
INFO: Detected dialect: W3C
Jun 22, 2020 10:26:19 PM io.appium.java_client.remote.AppiumCommandExecutor$1 lambda$0
INFO: Detected dialect: W3C
Jun 22, 2020 10:26:43 PM io.appium.java_client.remote.AppiumCommandExecutor$1 lambda$0
INFO: Detected dialect: W3C
Jun 22, 2020 10:27:01 PM io.appium.java_client.remote.AppiumCommandExecutor$1 lambda$0
INFO: Detected dialect: W3C
Jun 22, 2020 10:27:34 PM io.appium.java_client.remote.AppiumCommandExecutor$1 lambda$0
INFO: Detected dialect: W3C
Jun 22, 2020 10:28:01 PM io.appium.java_client.remote.AppiumCommandExecutor$1 lambda$0
INFO: Detected dialect: W3C
Jun 22, 2020 10:29:11 PM io.appium.java_client.remote.AppiumCommandExecutor$1 lambda$0
INFO: Detected dialect: W3C
</pre>
</span>
</div>
</div>
<div id="footer">
<p>
<div>
<label class="hidden" id="label-for-line-wrapping-toggle" for="line-wrapping-toggle">Wrap lines
<input id="line-wrapping-toggle" type="checkbox" autocomplete="off"/>
</label>
</div>Generated by 
<a href="http://www.gradle.org">Gradle 5.2.1</a> at Jun 22, 2020 10:33:08 PM</p>
</div>
</div>
</body>
</html>
